<?xml version="1.0" encoding="UTF-8"?>
<testsuite xmlns:xsi="http://www.w3.org/2001/XMLSchema-instance" xsi:noNamespaceSchemaLocation="https://maven.apache.org/surefire/maven-surefire-plugin/xsd/surefire-test-report-3.0.xsd" version="3.0" name="TestSuite" time="31.738" tests="1" errors="0" skipped="0" failures="0">
  <properties>
    <property name="java.specification.version" value="16"/>
    <property name="log4j.configurationFile" value="src/main/java/utility/utility/log4j2.yaml"/>
    <property name="sun.jnu.encoding" value="UTF-8"/>
    <property name="java.class.path" value="/Users/tarangbansal/Cucumber-TestNG-Selenium/target/test-classes:/Users/tarangbansal/Cucumber-TestNG-Selenium/target/classes:/Users/tarangbansal/.m2/repository/org/testng/testng/7.3.0/testng-7.3.0.jar:/Users/tarangbansal/.m2/repository/com/beust/jcommander/1.78/jcommander-1.78.jar:/Users/tarangbansal/.m2/repository/org/apache/ant/ant/1.10.3/ant-1.10.3.jar:/Users/tarangbansal/.m2/repository/org/apache/ant/ant-launcher/1.10.3/ant-launcher-1.10.3.jar:/Users/tarangbansal/.m2/repository/junit/junit/4.12/junit-4.12.jar:/Users/tarangbansal/.m2/repository/org/hamcrest/hamcrest-core/1.3/hamcrest-core-1.3.jar:/Users/tarangbansal/.m2/repository/com/google/inject/guice/4.2.2/guice-4.2.2-no_aop.jar:/Users/tarangbansal/.m2/repository/javax/inject/javax.inject/1/javax.inject-1.jar:/Users/tarangbansal/.m2/repository/aopalliance/aopalliance/1.0/aopalliance-1.0.jar:/Users/tarangbansal/.m2/repository/org/yaml/snakeyaml/1.21/snakeyaml-1.21.jar:/Users/tarangbansal/.m2/repository/io/cucumber/cucumber-testng/6.8.1/cucumber-testng-6.8.1.jar:/Users/tarangbansal/.m2/repository/org/apiguardian/apiguardian-api/1.1.0/apiguardian-api-1.1.0.jar:/Users/tarangbansal/.m2/repository/io/cucumber/cucumber-core/6.8.1/cucumber-core-6.8.1.jar:/Users/tarangbansal/.m2/repository/io/cucumber/cucumber-gherkin/6.8.1/cucumber-gherkin-6.8.1.jar:/Users/tarangbansal/.m2/repository/io/cucumber/cucumber-gherkin-messages/6.8.1/cucumber-gherkin-messages-6.8.1.jar:/Users/tarangbansal/.m2/repository/io/cucumber/messages/13.1.0/messages-13.1.0.jar:/Users/tarangbansal/.m2/repository/io/cucumber/tag-expressions/3.0.0/tag-expressions-3.0.0.jar:/Users/tarangbansal/.m2/repository/io/cucumber/cucumber-expressions/10.3.0/cucumber-expressions-10.3.0.jar:/Users/tarangbansal/.m2/repository/io/cucumber/datatable/3.5.0/datatable-3.5.0.jar:/Users/tarangbansal/.m2/repository/io/cucumber/cucumber-plugin/6.8.1/cucumber-plugin-6.8.1.jar:/Users/tarangbansal/.m2/repository/io/cucumber/docstring/6.8.1/docstring-6.8.1.jar:/Users/tarangbansal/.m2/repository/io/cucumber/html-formatter/9.0.0/html-formatter-9.0.0.jar:/Users/tarangbansal/.m2/repository/io/cucumber/create-meta/2.0.2/create-meta-2.0.2.jar:/Users/tarangbansal/.m2/repository/io/cucumber/cucumber-java/6.8.1/cucumber-java-6.8.1.jar:/Users/tarangbansal/.m2/repository/io/github/sukgu/automation/0.0.13/automation-0.0.13.jar:/Users/tarangbansal/.m2/repository/org/seleniumhq/selenium/selenium-java/3.11.0/selenium-java-3.11.0.jar:/Users/tarangbansal/.m2/repository/org/seleniumhq/selenium/selenium-api/3.11.0/selenium-api-3.11.0.jar:/Users/tarangbansal/.m2/repository/org/seleniumhq/selenium/selenium-chrome-driver/3.11.0/selenium-chrome-driver-3.11.0.jar:/Users/tarangbansal/.m2/repository/org/seleniumhq/selenium/selenium-edge-driver/3.11.0/selenium-edge-driver-3.11.0.jar:/Users/tarangbansal/.m2/repository/org/seleniumhq/selenium/selenium-firefox-driver/3.11.0/selenium-firefox-driver-3.11.0.jar:/Users/tarangbansal/.m2/repository/org/seleniumhq/selenium/selenium-ie-driver/3.11.0/selenium-ie-driver-3.11.0.jar:/Users/tarangbansal/.m2/repository/org/seleniumhq/selenium/selenium-opera-driver/3.11.0/selenium-opera-driver-3.11.0.jar:/Users/tarangbansal/.m2/repository/org/seleniumhq/selenium/selenium-remote-driver/3.11.0/selenium-remote-driver-3.11.0.jar:/Users/tarangbansal/.m2/repository/org/seleniumhq/selenium/selenium-safari-driver/3.11.0/selenium-safari-driver-3.11.0.jar:/Users/tarangbansal/.m2/repository/org/seleniumhq/selenium/selenium-support/3.11.0/selenium-support-3.11.0.jar:/Users/tarangbansal/.m2/repository/net/bytebuddy/byte-buddy/1.7.9/byte-buddy-1.7.9.jar:/Users/tarangbansal/.m2/repository/org/apache/commons/commons-exec/1.3/commons-exec-1.3.jar:/Users/tarangbansal/.m2/repository/commons-codec/commons-codec/1.10/commons-codec-1.10.jar:/Users/tarangbansal/.m2/repository/commons-logging/commons-logging/1.2/commons-logging-1.2.jar:/Users/tarangbansal/.m2/repository/com/google/guava/guava/23.6-jre/guava-23.6-jre.jar:/Users/tarangbansal/.m2/repository/org/checkerframework/checker-compat-qual/2.0.0/checker-compat-qual-2.0.0.jar:/Users/tarangbansal/.m2/repository/com/google/errorprone/error_prone_annotations/2.1.3/error_prone_annotations-2.1.3.jar:/Users/tarangbansal/.m2/repository/com/google/j2objc/j2objc-annotations/1.1/j2objc-annotations-1.1.jar:/Users/tarangbansal/.m2/repository/org/codehaus/mojo/animal-sniffer-annotations/1.14/animal-sniffer-annotations-1.14.jar:/Users/tarangbansal/.m2/repository/org/apache/httpcomponents/httpclient/4.5.3/httpclient-4.5.3.jar:/Users/tarangbansal/.m2/repository/org/apache/httpcomponents/httpcore/4.4.6/httpcore-4.4.6.jar:/Users/tarangbansal/.m2/repository/com/squareup/okhttp3/okhttp/3.9.1/okhttp-3.9.1.jar:/Users/tarangbansal/.m2/repository/com/squareup/okio/okio/1.13.0/okio-1.13.0.jar:/Users/tarangbansal/.m2/repository/net/masterthought/cucumber-reporting/3.8.0/cucumber-reporting-3.8.0.jar:/Users/tarangbansal/.m2/repository/org/apache/velocity/velocity/1.7/velocity-1.7.jar:/Users/tarangbansal/.m2/repository/commons-collections/commons-collections/3.2.1/commons-collections-3.2.1.jar:/Users/tarangbansal/.m2/repository/commons-lang/commons-lang/2.4/commons-lang-2.4.jar:/Users/tarangbansal/.m2/repository/velocity-tools/velocity-tools/1.4/velocity-tools-1.4.jar:/Users/tarangbansal/.m2/repository/joda-time/joda-time/2.9.6/joda-time-2.9.6.jar:/Users/tarangbansal/.m2/repository/org/apache/commons/commons-lang3/3.5/commons-lang3-3.5.jar:/Users/tarangbansal/.m2/repository/commons-io/commons-io/2.5/commons-io-2.5.jar:/Users/tarangbansal/.m2/repository/net/lingala/zip4j/zip4j/1.3.2/zip4j-1.3.2.jar:/Users/tarangbansal/.m2/repository/org/codehaus/plexus/plexus-utils/3.0.24/plexus-utils-3.0.24.jar:/Users/tarangbansal/.m2/repository/org/jsoup/jsoup/1.10.1/jsoup-1.10.1.jar:/Users/tarangbansal/.m2/repository/com/googlecode/owasp-java-html-sanitizer/owasp-java-html-sanitizer/20160924.1/owasp-java-html-sanitizer-20160924.1.jar:/Users/tarangbansal/.m2/repository/com/fasterxml/jackson/dataformat/jackson-dataformat-yaml/2.11.3/jackson-dataformat-yaml-2.11.3.jar:/Users/tarangbansal/.m2/repository/com/fasterxml/jackson/core/jackson-core/2.11.3/jackson-core-2.11.3.jar:/Users/tarangbansal/.m2/repository/com/fasterxml/jackson/core/jackson-databind/2.11.3/jackson-databind-2.11.3.jar:/Users/tarangbansal/.m2/repository/com/fasterxml/jackson/core/jackson-annotations/2.11.3/jackson-annotations-2.11.3.jar:/Users/tarangbansal/.m2/repository/org/apache/logging/log4j/log4j-api/2.13.3/log4j-api-2.13.3.jar:/Users/tarangbansal/.m2/repository/org/apache/logging/log4j/log4j-core/2.13.3/log4j-core-2.13.3.jar:/Users/tarangbansal/.m2/repository/org/apache/logging/log4j/log4j-slf4j-impl/2.11.0/log4j-slf4j-impl-2.11.0.jar:/Users/tarangbansal/.m2/repository/org/slf4j/slf4j-api/1.8.0-alpha2/slf4j-api-1.8.0-alpha2.jar:/Users/tarangbansal/.m2/repository/org/apache/maven/plugins/maven-surefire-plugin/3.0.0-M5/maven-surefire-plugin-3.0.0-M5.jar:/Users/tarangbansal/.m2/repository/org/apache/maven/surefire/maven-surefire-common/3.0.0-M5/maven-surefire-common-3.0.0-M5.jar:/Users/tarangbansal/.m2/repository/org/apache/maven/surefire/surefire-api/3.0.0-M5/surefire-api-3.0.0-M5.jar:/Users/tarangbansal/.m2/repository/org/apache/maven/surefire/surefire-logger-api/3.0.0-M5/surefire-logger-api-3.0.0-M5.jar:/Users/tarangbansal/.m2/repository/org/apache/maven/surefire/surefire-extensions-api/3.0.0-M5/surefire-extensions-api-3.0.0-M5.jar:/Users/tarangbansal/.m2/repository/org/apache/maven/surefire/surefire-booter/3.0.0-M5/surefire-booter-3.0.0-M5.jar:/Users/tarangbansal/.m2/repository/org/apache/maven/surefire/surefire-extensions-spi/3.0.0-M5/surefire-extensions-spi-3.0.0-M5.jar:/Users/tarangbansal/.m2/repository/org/apache/maven/maven-toolchain/3.0-alpha-2/maven-toolchain-3.0-alpha-2.jar:/Users/tarangbansal/.m2/repository/org/apache/maven/shared/maven-artifact-transfer/0.11.0/maven-artifact-transfer-0.11.0.jar:/Users/tarangbansal/.m2/repository/org/apache/maven/shared/maven-common-artifact-filters/3.0.1/maven-common-artifact-filters-3.0.1.jar:/Users/tarangbansal/.m2/repository/org/apache/maven/maven-model/3.0/maven-model-3.0.jar:/Users/tarangbansal/.m2/repository/org/apache/maven/maven-plugin-api/3.0/maven-plugin-api-3.0.jar:/Users/tarangbansal/.m2/repository/org/sonatype/sisu/sisu-inject-plexus/1.4.2/sisu-inject-plexus-1.4.2.jar:/Users/tarangbansal/.m2/repository/org/codehaus/plexus/plexus-classworlds/2.2.3/plexus-classworlds-2.2.3.jar:/Users/tarangbansal/.m2/repository/org/sonatype/sisu/sisu-inject-bean/1.4.2/sisu-inject-bean-1.4.2.jar:/Users/tarangbansal/.m2/repository/org/sonatype/sisu/sisu-guice/2.1.7/sisu-guice-2.1.7-noaop.jar:/Users/tarangbansal/.m2/repository/org/apache/maven/shared/maven-shared-utils/3.1.0/maven-shared-utils-3.1.0.jar:/Users/tarangbansal/.m2/repository/org/codehaus/plexus/plexus-java/1.0.5/plexus-java-1.0.5.jar:/Users/tarangbansal/.m2/repository/com/thoughtworks/qdox/qdox/2.0-M9/qdox-2.0-M9.jar:/Users/tarangbansal/.m2/repository/org/apache/maven/surefire/surefire-shared-utils/3.0.0-M4/surefire-shared-utils-3.0.0-M4.jar:/Users/tarangbansal/.m2/repository/io/rest-assured/rest-assured-all/4.3.1/rest-assured-all-4.3.1.jar:/Users/tarangbansal/.m2/repository/org/codehaus/groovy/groovy/3.0.3/groovy-3.0.3.jar:/Users/tarangbansal/.m2/repository/org/codehaus/groovy/groovy-xml/3.0.3/groovy-xml-3.0.3.jar:/Users/tarangbansal/.m2/repository/org/ccil/cowan/tagsoup/tagsoup/1.2.1/tagsoup-1.2.1.jar:/Users/tarangbansal/.m2/repository/jakarta/xml/bind/jakarta.xml.bind-api/2.3.3/jakarta.xml.bind-api-2.3.3.jar:/Users/tarangbansal/.m2/repository/jakarta/activation/jakarta.activation-api/1.2.2/jakarta.activation-api-1.2.2.jar:/Users/tarangbansal/.m2/repository/com/sun/xml/bind/jaxb-impl/2.3.3/jaxb-impl-2.3.3.jar:/Users/tarangbansal/.m2/repository/org/codehaus/groovy/groovy-json/3.0.3/groovy-json-3.0.3.jar:/Users/tarangbansal/.m2/repository/io/rest-assured/rest-assured/4.3.1/rest-assured-4.3.1.jar:/Users/tarangbansal/.m2/repository/org/apache/httpcomponents/httpmime/4.5.3/httpmime-4.5.3.jar:/Users/tarangbansal/.m2/repository/org/hamcrest/hamcrest/2.1/hamcrest-2.1.jar:/Users/tarangbansal/.m2/repository/io/rest-assured/json-path/4.3.1/json-path-4.3.1.jar:/Users/tarangbansal/.m2/repository/io/rest-assured/rest-assured-common/4.3.1/rest-assured-common-4.3.1.jar:/Users/tarangbansal/.m2/repository/io/rest-assured/xml-path/4.3.1/xml-path-4.3.1.jar:/Users/tarangbansal/.m2/repository/org/apache/tika/tika-parsers/1.24.1/tika-parsers-1.24.1.jar:/Users/tarangbansal/.m2/repository/org/apache/tika/tika-core/1.24.1/tika-core-1.24.1.jar:/Users/tarangbansal/.m2/repository/org/glassfish/jaxb/jaxb-runtime/2.3.2/jaxb-runtime-2.3.2.jar:/Users/tarangbansal/.m2/repository/org/glassfish/jaxb/txw2/2.3.2/txw2-2.3.2.jar:/Users/tarangbansal/.m2/repository/com/sun/istack/istack-commons-runtime/3.0.8/istack-commons-runtime-3.0.8.jar:/Users/tarangbansal/.m2/repository/org/jvnet/staxex/stax-ex/1.8.1/stax-ex-1.8.1.jar:/Users/tarangbansal/.m2/repository/com/sun/xml/fastinfoset/FastInfoset/1.2.16/FastInfoset-1.2.16.jar:/Users/tarangbansal/.m2/repository/com/sun/activation/jakarta.activation/1.2.1/jakarta.activation-1.2.1.jar:/Users/tarangbansal/.m2/repository/xerces/xercesImpl/2.12.0/xercesImpl-2.12.0.jar:/Users/tarangbansal/.m2/repository/xml-apis/xml-apis/1.4.01/xml-apis-1.4.01.jar:/Users/tarangbansal/.m2/repository/javax/annotation/javax.annotation-api/1.3.2/javax.annotation-api-1.3.2.jar:/Users/tarangbansal/.m2/repository/org/gagravarr/vorbis-java-tika/0.8/vorbis-java-tika-0.8.jar:/Users/tarangbansal/.m2/repository/org/tallison/jmatio/1.5/jmatio-1.5.jar:/Users/tarangbansal/.m2/repository/org/apache/james/apache-mime4j-core/0.8.3/apache-mime4j-core-0.8.3.jar:/Users/tarangbansal/.m2/repository/org/apache/james/apache-mime4j-dom/0.8.3/apache-mime4j-dom-0.8.3.jar:/Users/tarangbansal/.m2/repository/org/apache/commons/commons-compress/1.20/commons-compress-1.20.jar:/Users/tarangbansal/.m2/repository/org/tukaani/xz/1.8/xz-1.8.jar:/Users/tarangbansal/.m2/repository/com/epam/parso/2.0.11/parso-2.0.11.jar:/Users/tarangbansal/.m2/repository/org/brotli/dec/0.1.2/dec-0.1.2.jar:/Users/tarangbansal/.m2/repository/org/apache/pdfbox/pdfbox/2.0.19/pdfbox-2.0.19.jar:/Users/tarangbansal/.m2/repository/org/apache/pdfbox/fontbox/2.0.19/fontbox-2.0.19.jar:/Users/tarangbansal/.m2/repository/org/apache/pdfbox/pdfbox-tools/2.0.19/pdfbox-tools-2.0.19.jar:/Users/tarangbansal/.m2/repository/org/apache/pdfbox/preflight/2.0.19/preflight-2.0.19.jar:/Users/tarangbansal/.m2/repository/org/apache/pdfbox/xmpbox/2.0.19/xmpbox-2.0.19.jar:/Users/tarangbansal/.m2/repository/org/apache/pdfbox/jempbox/1.8.16/jempbox-1.8.16.jar:/Users/tarangbansal/.m2/repository/org/bouncycastle/bcmail-jdk15on/1.65/bcmail-jdk15on-1.65.jar:/Users/tarangbansal/.m2/repository/org/bouncycastle/bcpkix-jdk15on/1.65/bcpkix-jdk15on-1.65.jar:/Users/tarangbansal/.m2/repository/org/bouncycastle/bcprov-jdk15on/1.65/bcprov-jdk15on-1.65.jar:/Users/tarangbansal/.m2/repository/org/apache/poi/poi/4.1.2/poi-4.1.2.jar:/Users/tarangbansal/.m2/repository/org/apache/commons/commons-math3/3.6.1/commons-math3-3.6.1.jar:/Users/tarangbansal/.m2/repository/com/zaxxer/SparseBitSet/1.2/SparseBitSet-1.2.jar:/Users/tarangbansal/.m2/repository/org/apache/poi/poi-scratchpad/4.1.2/poi-scratchpad-4.1.2.jar:/Users/tarangbansal/.m2/repository/org/apache/poi/poi-ooxml/4.1.2/poi-ooxml-4.1.2.jar:/Users/tarangbansal/.m2/repository/org/apache/poi/poi-ooxml-schemas/4.1.2/poi-ooxml-schemas-4.1.2.jar:/Users/tarangbansal/.m2/repository/org/apache/xmlbeans/xmlbeans/3.1.0/xmlbeans-3.1.0.jar:/Users/tarangbansal/.m2/repository/com/github/virtuald/curvesapi/1.06/curvesapi-1.06.jar:/Users/tarangbansal/.m2/repository/com/healthmarketscience/jackcess/jackcess/3.0.1/jackcess-3.0.1.jar:/Users/tarangbansal/.m2/repository/com/healthmarketscience/jackcess/jackcess-encrypt/3.0.0/jackcess-encrypt-3.0.0.jar:/Users/tarangbansal/.m2/repository/org/ow2/asm/asm/8.0.1/asm-8.0.1.jar:/Users/tarangbansal/.m2/repository/org/tallison/isoparser/1.9.41.2/isoparser-1.9.41.2.jar:/Users/tarangbansal/.m2/repository/org/tallison/metadata-extractor/2.13.0/metadata-extractor-2.13.0.jar:/Users/tarangbansal/.m2/repository/org/tallison/xmp/xmpcore-shaded/6.1.10/xmpcore-shaded-6.1.10.jar:/Users/tarangbansal/.m2/repository/com/adobe/xmp/xmpcore/6.1.10/xmpcore-6.1.10.jar:/Users/tarangbansal/.m2/repository/de/l3s/boilerpipe/boilerpipe/1.1.0/boilerpipe-1.1.0.jar:/Users/tarangbansal/.m2/repository/com/rometools/rome/1.12.2/rome-1.12.2.jar:/Users/tarangbansal/.m2/repository/com/rometools/rome-utils/1.12.2/rome-utils-1.12.2.jar:/Users/tarangbansal/.m2/repository/org/gagravarr/vorbis-java-core/0.8/vorbis-java-core-0.8.jar:/Users/tarangbansal/.m2/repository/com/googlecode/juniversalchardet/juniversalchardet/1.0.3/juniversalchardet-1.0.3.jar:/Users/tarangbansal/.m2/repository/org/codelibs/jhighlight/1.0.3/jhighlight-1.0.3.jar:/Users/tarangbansal/.m2/repository/com/pff/java-libpst/0.9.3/java-libpst-0.9.3.jar:/Users/tarangbansal/.m2/repository/com/github/junrar/junrar/4.0.0/junrar-4.0.0.jar:/Users/tarangbansal/.m2/repository/org/apache/cxf/cxf-rt-rs-client/3.3.6/cxf-rt-rs-client-3.3.6.jar:/Users/tarangbansal/.m2/repository/org/apache/cxf/cxf-rt-transports-http/3.3.6/cxf-rt-transports-http-3.3.6.jar:/Users/tarangbansal/.m2/repository/org/apache/cxf/cxf-core/3.3.6/cxf-core-3.3.6.jar:/Users/tarangbansal/.m2/repository/com/fasterxml/woodstox/woodstox-core/5.0.3/woodstox-core-5.0.3.jar:/Users/tarangbansal/.m2/repository/org/codehaus/woodstox/stax2-api/3.1.4/stax2-api-3.1.4.jar:/Users/tarangbansal/.m2/repository/org/apache/ws/xmlschema/xmlschema-core/2.2.5/xmlschema-core-2.2.5.jar:/Users/tarangbansal/.m2/repository/org/apache/cxf/cxf-rt-frontend-jaxrs/3.3.6/cxf-rt-frontend-jaxrs-3.3.6.jar:/Users/tarangbansal/.m2/repository/jakarta/ws/rs/jakarta.ws.rs-api/2.1.5/jakarta.ws.rs-api-2.1.5.jar:/Users/tarangbansal/.m2/repository/org/apache/cxf/cxf-rt-security/3.3.6/cxf-rt-security-3.3.6.jar:/Users/tarangbansal/.m2/repository/javax/xml/ws/jaxws-api/2.3.1/jaxws-api-2.3.1.jar:/Users/tarangbansal/.m2/repository/javax/xml/soap/javax.xml.soap-api/1.4.0/javax.xml.soap-api-1.4.0.jar:/Users/tarangbansal/.m2/repository/com/sun/activation/javax.activation/1.2.0/javax.activation-1.2.0.jar:/Users/tarangbansal/.m2/repository/org/apache/geronimo/specs/geronimo-ws-metadata_2.0_spec/1.1.3/geronimo-ws-metadata_2.0_spec-1.1.3.jar:/Users/tarangbansal/.m2/repository/com/sun/xml/messaging/saaj/saaj-impl/1.4.0-b03/saaj-impl-1.4.0-b03.jar:/Users/tarangbansal/.m2/repository/org/jvnet/mimepull/mimepull/1.9.7/mimepull-1.9.7.jar:/Users/tarangbansal/.m2/repository/org/jacorb/jacorb-omgapi/3.9/jacorb-omgapi-3.9.jar:/Users/tarangbansal/.m2/repository/org/apache/geronimo/specs/geronimo-jta_1.1_spec/1.1.1/geronimo-jta_1.1_spec-1.1.1.jar:/Users/tarangbansal/.m2/repository/org/jboss/spec/javax/rmi/jboss-rmi-api_1.0_spec/1.0.6.Final/jboss-rmi-api_1.0_spec-1.0.6.Final.jar:/Users/tarangbansal/.m2/repository/org/apache/opennlp/opennlp-tools/1.9.2/opennlp-tools-1.9.2.jar:/Users/tarangbansal/.m2/repository/com/googlecode/json-simple/json-simple/1.1.1/json-simple-1.1.1.jar:/Users/tarangbansal/.m2/repository/com/github/openjson/openjson/1.0.12/openjson-1.0.12.jar:/Users/tarangbansal/.m2/repository/org/slf4j/jul-to-slf4j/1.7.28/jul-to-slf4j-1.7.28.jar:/Users/tarangbansal/.m2/repository/org/slf4j/jcl-over-slf4j/1.7.28/jcl-over-slf4j-1.7.28.jar:/Users/tarangbansal/.m2/repository/edu/ucar/netcdf4/4.5.5/netcdf4-4.5.5.jar:/Users/tarangbansal/.m2/repository/net/jcip/jcip-annotations/1.0/jcip-annotations-1.0.jar:/Users/tarangbansal/.m2/repository/org/jdom/jdom2/2.0.6/jdom2-2.0.6.jar:/Users/tarangbansal/.m2/repository/edu/ucar/grib/4.5.5/grib-4.5.5.jar:/Users/tarangbansal/.m2/repository/org/itadaki/bzip2/0.9.1/bzip2-0.9.1.jar:/Users/tarangbansal/.m2/repository/net/java/dev/jna/jna/5.5.0/jna-5.5.0.jar:/Users/tarangbansal/.m2/repository/com/google/protobuf/protobuf-java/3.11.4/protobuf-java-3.11.4.jar:/Users/tarangbansal/.m2/repository/edu/ucar/cdm/4.5.5/cdm-4.5.5.jar:/Users/tarangbansal/.m2/repository/edu/ucar/udunits/4.5.5/udunits-4.5.5.jar:/Users/tarangbansal/.m2/repository/net/sf/ehcache/ehcache-core/2.6.2/ehcache-core-2.6.2.jar:/Users/tarangbansal/.m2/repository/org/quartz-scheduler/quartz/2.3.2/quartz-2.3.2.jar:/Users/tarangbansal/.m2/repository/com/zaxxer/HikariCP-java7/2.4.13/HikariCP-java7-2.4.13.jar:/Users/tarangbansal/.m2/repository/com/mchange/c3p0/0.9.5.5/c3p0-0.9.5.5.jar:/Users/tarangbansal/.m2/repository/com/mchange/mchange-commons-java/0.2.19/mchange-commons-java-0.2.19.jar:/Users/tarangbansal/.m2/repository/edu/ucar/httpservices/4.5.5/httpservices-4.5.5.jar:/Users/tarangbansal/.m2/repository/org/apache/commons/commons-csv/1.8/commons-csv-1.8.jar:/Users/tarangbansal/.m2/repository/org/apache/sis/core/sis-utility/1.0/sis-utility-1.0.jar:/Users/tarangbansal/.m2/repository/javax/measure/unit-api/1.0/unit-api-1.0.jar:/Users/tarangbansal/.m2/repository/org/apache/sis/storage/sis-netcdf/1.0/sis-netcdf-1.0.jar:/Users/tarangbansal/.m2/repository/org/apache/sis/storage/sis-storage/1.0/sis-storage-1.0.jar:/Users/tarangbansal/.m2/repository/org/apache/sis/core/sis-feature/1.0/sis-feature-1.0.jar:/Users/tarangbansal/.m2/repository/org/apache/sis/core/sis-referencing/1.0/sis-referencing-1.0.jar:/Users/tarangbansal/.m2/repository/org/apache/sis/core/sis-metadata/1.0/sis-metadata-1.0.jar:/Users/tarangbansal/.m2/repository/org/opengis/geoapi/3.0.1/geoapi-3.0.1.jar:/Users/tarangbansal/.m2/repository/edu/usc/ir/sentiment-analysis-parser/0.1/sentiment-analysis-parser-0.1.jar:/Users/tarangbansal/.m2/repository/org/apache/pdfbox/jbig2-imageio/3.0.3/jbig2-imageio-3.0.3.jar:/Users/tarangbansal/.m2/repository/com/github/jai-imageio/jai-imageio-core/1.4.0/jai-imageio-core-1.4.0.jar:/Users/tarangbansal/.m2/repository/com/opencsv/opencsv/5.3/opencsv-5.3.jar:/Users/tarangbansal/.m2/repository/org/apache/commons/commons-text/1.9/commons-text-1.9.jar:/Users/tarangbansal/.m2/repository/commons-beanutils/commons-beanutils/1.9.4/commons-beanutils-1.9.4.jar:/Users/tarangbansal/.m2/repository/org/apache/commons/commons-collections4/4.4/commons-collections4-4.4.jar:/Users/tarangbansal/.m2/repository/com/epam/reportportal/agent-java-cucumber6/5.0.1/agent-java-cucumber6-5.0.1.jar:/Users/tarangbansal/.m2/repository/com/epam/reportportal/client-java/5.0.15/client-java-5.0.15.jar:/Users/tarangbansal/.m2/repository/org/aspectj/aspectjweaver/1.9.2/aspectjweaver-1.9.2.jar:/Users/tarangbansal/.m2/repository/org/aspectj/aspectjrt/1.9.2/aspectjrt-1.9.2.jar:/Users/tarangbansal/.m2/repository/io/reactivex/rxjava2/rxjava/2.2.10/rxjava-2.2.10.jar:/Users/tarangbansal/.m2/repository/org/reactivestreams/reactive-streams/1.0.2/reactive-streams-1.0.2.jar:/Users/tarangbansal/.m2/repository/com/epam/reportportal/commons-model/5.0.0/commons-model-5.0.0.jar:/Users/tarangbansal/.m2/repository/io/swagger/swagger-annotations/1.5.24/swagger-annotations-1.5.24.jar:/Users/tarangbansal/.m2/repository/javax/validation/validation-api/2.0.1.Final/validation-api-2.0.1.Final.jar:/Users/tarangbansal/.m2/repository/com/google/code/findbugs/jsr305/3.0.2/jsr305-3.0.2.jar:/Users/tarangbansal/.m2/repository/org/mongodb/mongodb-driver/3.11.2/mongodb-driver-3.11.2.jar:/Users/tarangbansal/.m2/repository/org/mongodb/bson/3.11.2/bson-3.11.2.jar:/Users/tarangbansal/.m2/repository/org/mongodb/mongodb-driver-core/3.11.2/mongodb-driver-core-3.11.2.jar:/Users/tarangbansal/.m2/repository/org/projectlombok/lombok/1.18.20/lombok-1.18.20.jar:/Users/tarangbansal/.m2/repository/mysql/mysql-connector-java/8.0.22/mysql-connector-java-8.0.22.jar:/Users/tarangbansal/.m2/repository/com/jcraft/jsch/0.1.55/jsch-0.1.55.jar:/Users/tarangbansal/.m2/repository/com/google/code/gson/gson/2.8.7/gson-2.8.7.jar:"/>
    <property name="java.vm.vendor" value="Homebrew"/>
    <property name="sun.arch.data.model" value="64"/>
    <property name="java.vendor.url" value="https://github.com/Homebrew/homebrew-core/issues"/>
    <property name="user.timezone" value="Asia/Kolkata"/>
    <property name="suiteXmlFile" value="2Parallel.xml"/>
    <property name="os.name" value="Mac OS X"/>
    <property name="java.vm.specification.version" value="16"/>
    <property name="sun.java.launcher" value="SUN_STANDARD"/>
    <property name="user.country" value="IN"/>
    <property name="sun.boot.library.path" value="/usr/local/Cellar/openjdk/16.0.1/libexec/openjdk.jdk/Contents/Home/lib"/>
    <property name="sun.java.command" value="/Users/tarangbansal/Cucumber-TestNG-Selenium/target/surefire/surefirebooter12554986541366803251.jar /Users/tarangbansal/Cucumber-TestNG-Selenium/target/surefire 2021-10-07T12-23-22_086-jvmRun1 surefire18418307700703202613tmp surefire_04813662304056628555tmp"/>
    <property name="http.nonProxyHosts" value="local|*.local|169.254/16|*.169.254/16"/>
    <property name="jdk.debug" value="release"/>
    <property name="surefire.test.class.path" value="/Users/tarangbansal/Cucumber-TestNG-Selenium/target/test-classes:/Users/tarangbansal/Cucumber-TestNG-Selenium/target/classes:/Users/tarangbansal/.m2/repository/org/testng/testng/7.3.0/testng-7.3.0.jar:/Users/tarangbansal/.m2/repository/com/beust/jcommander/1.78/jcommander-1.78.jar:/Users/tarangbansal/.m2/repository/org/apache/ant/ant/1.10.3/ant-1.10.3.jar:/Users/tarangbansal/.m2/repository/org/apache/ant/ant-launcher/1.10.3/ant-launcher-1.10.3.jar:/Users/tarangbansal/.m2/repository/junit/junit/4.12/junit-4.12.jar:/Users/tarangbansal/.m2/repository/org/hamcrest/hamcrest-core/1.3/hamcrest-core-1.3.jar:/Users/tarangbansal/.m2/repository/com/google/inject/guice/4.2.2/guice-4.2.2-no_aop.jar:/Users/tarangbansal/.m2/repository/javax/inject/javax.inject/1/javax.inject-1.jar:/Users/tarangbansal/.m2/repository/aopalliance/aopalliance/1.0/aopalliance-1.0.jar:/Users/tarangbansal/.m2/repository/org/yaml/snakeyaml/1.21/snakeyaml-1.21.jar:/Users/tarangbansal/.m2/repository/io/cucumber/cucumber-testng/6.8.1/cucumber-testng-6.8.1.jar:/Users/tarangbansal/.m2/repository/org/apiguardian/apiguardian-api/1.1.0/apiguardian-api-1.1.0.jar:/Users/tarangbansal/.m2/repository/io/cucumber/cucumber-core/6.8.1/cucumber-core-6.8.1.jar:/Users/tarangbansal/.m2/repository/io/cucumber/cucumber-gherkin/6.8.1/cucumber-gherkin-6.8.1.jar:/Users/tarangbansal/.m2/repository/io/cucumber/cucumber-gherkin-messages/6.8.1/cucumber-gherkin-messages-6.8.1.jar:/Users/tarangbansal/.m2/repository/io/cucumber/messages/13.1.0/messages-13.1.0.jar:/Users/tarangbansal/.m2/repository/io/cucumber/tag-expressions/3.0.0/tag-expressions-3.0.0.jar:/Users/tarangbansal/.m2/repository/io/cucumber/cucumber-expressions/10.3.0/cucumber-expressions-10.3.0.jar:/Users/tarangbansal/.m2/repository/io/cucumber/datatable/3.5.0/datatable-3.5.0.jar:/Users/tarangbansal/.m2/repository/io/cucumber/cucumber-plugin/6.8.1/cucumber-plugin-6.8.1.jar:/Users/tarangbansal/.m2/repository/io/cucumber/docstring/6.8.1/docstring-6.8.1.jar:/Users/tarangbansal/.m2/repository/io/cucumber/html-formatter/9.0.0/html-formatter-9.0.0.jar:/Users/tarangbansal/.m2/repository/io/cucumber/create-meta/2.0.2/create-meta-2.0.2.jar:/Users/tarangbansal/.m2/repository/io/cucumber/cucumber-java/6.8.1/cucumber-java-6.8.1.jar:/Users/tarangbansal/.m2/repository/io/github/sukgu/automation/0.0.13/automation-0.0.13.jar:/Users/tarangbansal/.m2/repository/org/seleniumhq/selenium/selenium-java/3.11.0/selenium-java-3.11.0.jar:/Users/tarangbansal/.m2/repository/org/seleniumhq/selenium/selenium-api/3.11.0/selenium-api-3.11.0.jar:/Users/tarangbansal/.m2/repository/org/seleniumhq/selenium/selenium-chrome-driver/3.11.0/selenium-chrome-driver-3.11.0.jar:/Users/tarangbansal/.m2/repository/org/seleniumhq/selenium/selenium-edge-driver/3.11.0/selenium-edge-driver-3.11.0.jar:/Users/tarangbansal/.m2/repository/org/seleniumhq/selenium/selenium-firefox-driver/3.11.0/selenium-firefox-driver-3.11.0.jar:/Users/tarangbansal/.m2/repository/org/seleniumhq/selenium/selenium-ie-driver/3.11.0/selenium-ie-driver-3.11.0.jar:/Users/tarangbansal/.m2/repository/org/seleniumhq/selenium/selenium-opera-driver/3.11.0/selenium-opera-driver-3.11.0.jar:/Users/tarangbansal/.m2/repository/org/seleniumhq/selenium/selenium-remote-driver/3.11.0/selenium-remote-driver-3.11.0.jar:/Users/tarangbansal/.m2/repository/org/seleniumhq/selenium/selenium-safari-driver/3.11.0/selenium-safari-driver-3.11.0.jar:/Users/tarangbansal/.m2/repository/org/seleniumhq/selenium/selenium-support/3.11.0/selenium-support-3.11.0.jar:/Users/tarangbansal/.m2/repository/net/bytebuddy/byte-buddy/1.7.9/byte-buddy-1.7.9.jar:/Users/tarangbansal/.m2/repository/org/apache/commons/commons-exec/1.3/commons-exec-1.3.jar:/Users/tarangbansal/.m2/repository/commons-codec/commons-codec/1.10/commons-codec-1.10.jar:/Users/tarangbansal/.m2/repository/commons-logging/commons-logging/1.2/commons-logging-1.2.jar:/Users/tarangbansal/.m2/repository/com/google/guava/guava/23.6-jre/guava-23.6-jre.jar:/Users/tarangbansal/.m2/repository/org/checkerframework/checker-compat-qual/2.0.0/checker-compat-qual-2.0.0.jar:/Users/tarangbansal/.m2/repository/com/google/errorprone/error_prone_annotations/2.1.3/error_prone_annotations-2.1.3.jar:/Users/tarangbansal/.m2/repository/com/google/j2objc/j2objc-annotations/1.1/j2objc-annotations-1.1.jar:/Users/tarangbansal/.m2/repository/org/codehaus/mojo/animal-sniffer-annotations/1.14/animal-sniffer-annotations-1.14.jar:/Users/tarangbansal/.m2/repository/org/apache/httpcomponents/httpclient/4.5.3/httpclient-4.5.3.jar:/Users/tarangbansal/.m2/repository/org/apache/httpcomponents/httpcore/4.4.6/httpcore-4.4.6.jar:/Users/tarangbansal/.m2/repository/com/squareup/okhttp3/okhttp/3.9.1/okhttp-3.9.1.jar:/Users/tarangbansal/.m2/repository/com/squareup/okio/okio/1.13.0/okio-1.13.0.jar:/Users/tarangbansal/.m2/repository/net/masterthought/cucumber-reporting/3.8.0/cucumber-reporting-3.8.0.jar:/Users/tarangbansal/.m2/repository/org/apache/velocity/velocity/1.7/velocity-1.7.jar:/Users/tarangbansal/.m2/repository/commons-collections/commons-collections/3.2.1/commons-collections-3.2.1.jar:/Users/tarangbansal/.m2/repository/commons-lang/commons-lang/2.4/commons-lang-2.4.jar:/Users/tarangbansal/.m2/repository/velocity-tools/velocity-tools/1.4/velocity-tools-1.4.jar:/Users/tarangbansal/.m2/repository/joda-time/joda-time/2.9.6/joda-time-2.9.6.jar:/Users/tarangbansal/.m2/repository/org/apache/commons/commons-lang3/3.5/commons-lang3-3.5.jar:/Users/tarangbansal/.m2/repository/commons-io/commons-io/2.5/commons-io-2.5.jar:/Users/tarangbansal/.m2/repository/net/lingala/zip4j/zip4j/1.3.2/zip4j-1.3.2.jar:/Users/tarangbansal/.m2/repository/org/codehaus/plexus/plexus-utils/3.0.24/plexus-utils-3.0.24.jar:/Users/tarangbansal/.m2/repository/org/jsoup/jsoup/1.10.1/jsoup-1.10.1.jar:/Users/tarangbansal/.m2/repository/com/googlecode/owasp-java-html-sanitizer/owasp-java-html-sanitizer/20160924.1/owasp-java-html-sanitizer-20160924.1.jar:/Users/tarangbansal/.m2/repository/com/fasterxml/jackson/dataformat/jackson-dataformat-yaml/2.11.3/jackson-dataformat-yaml-2.11.3.jar:/Users/tarangbansal/.m2/repository/com/fasterxml/jackson/core/jackson-core/2.11.3/jackson-core-2.11.3.jar:/Users/tarangbansal/.m2/repository/com/fasterxml/jackson/core/jackson-databind/2.11.3/jackson-databind-2.11.3.jar:/Users/tarangbansal/.m2/repository/com/fasterxml/jackson/core/jackson-annotations/2.11.3/jackson-annotations-2.11.3.jar:/Users/tarangbansal/.m2/repository/org/apache/logging/log4j/log4j-api/2.13.3/log4j-api-2.13.3.jar:/Users/tarangbansal/.m2/repository/org/apache/logging/log4j/log4j-core/2.13.3/log4j-core-2.13.3.jar:/Users/tarangbansal/.m2/repository/org/apache/logging/log4j/log4j-slf4j-impl/2.11.0/log4j-slf4j-impl-2.11.0.jar:/Users/tarangbansal/.m2/repository/org/slf4j/slf4j-api/1.8.0-alpha2/slf4j-api-1.8.0-alpha2.jar:/Users/tarangbansal/.m2/repository/org/apache/maven/plugins/maven-surefire-plugin/3.0.0-M5/maven-surefire-plugin-3.0.0-M5.jar:/Users/tarangbansal/.m2/repository/org/apache/maven/surefire/maven-surefire-common/3.0.0-M5/maven-surefire-common-3.0.0-M5.jar:/Users/tarangbansal/.m2/repository/org/apache/maven/surefire/surefire-api/3.0.0-M5/surefire-api-3.0.0-M5.jar:/Users/tarangbansal/.m2/repository/org/apache/maven/surefire/surefire-logger-api/3.0.0-M5/surefire-logger-api-3.0.0-M5.jar:/Users/tarangbansal/.m2/repository/org/apache/maven/surefire/surefire-extensions-api/3.0.0-M5/surefire-extensions-api-3.0.0-M5.jar:/Users/tarangbansal/.m2/repository/org/apache/maven/surefire/surefire-booter/3.0.0-M5/surefire-booter-3.0.0-M5.jar:/Users/tarangbansal/.m2/repository/org/apache/maven/surefire/surefire-extensions-spi/3.0.0-M5/surefire-extensions-spi-3.0.0-M5.jar:/Users/tarangbansal/.m2/repository/org/apache/maven/maven-toolchain/3.0-alpha-2/maven-toolchain-3.0-alpha-2.jar:/Users/tarangbansal/.m2/repository/org/apache/maven/shared/maven-artifact-transfer/0.11.0/maven-artifact-transfer-0.11.0.jar:/Users/tarangbansal/.m2/repository/org/apache/maven/shared/maven-common-artifact-filters/3.0.1/maven-common-artifact-filters-3.0.1.jar:/Users/tarangbansal/.m2/repository/org/apache/maven/maven-model/3.0/maven-model-3.0.jar:/Users/tarangbansal/.m2/repository/org/apache/maven/maven-plugin-api/3.0/maven-plugin-api-3.0.jar:/Users/tarangbansal/.m2/repository/org/sonatype/sisu/sisu-inject-plexus/1.4.2/sisu-inject-plexus-1.4.2.jar:/Users/tarangbansal/.m2/repository/org/codehaus/plexus/plexus-classworlds/2.2.3/plexus-classworlds-2.2.3.jar:/Users/tarangbansal/.m2/repository/org/sonatype/sisu/sisu-inject-bean/1.4.2/sisu-inject-bean-1.4.2.jar:/Users/tarangbansal/.m2/repository/org/sonatype/sisu/sisu-guice/2.1.7/sisu-guice-2.1.7-noaop.jar:/Users/tarangbansal/.m2/repository/org/apache/maven/shared/maven-shared-utils/3.1.0/maven-shared-utils-3.1.0.jar:/Users/tarangbansal/.m2/repository/org/codehaus/plexus/plexus-java/1.0.5/plexus-java-1.0.5.jar:/Users/tarangbansal/.m2/repository/com/thoughtworks/qdox/qdox/2.0-M9/qdox-2.0-M9.jar:/Users/tarangbansal/.m2/repository/org/apache/maven/surefire/surefire-shared-utils/3.0.0-M4/surefire-shared-utils-3.0.0-M4.jar:/Users/tarangbansal/.m2/repository/io/rest-assured/rest-assured-all/4.3.1/rest-assured-all-4.3.1.jar:/Users/tarangbansal/.m2/repository/org/codehaus/groovy/groovy/3.0.3/groovy-3.0.3.jar:/Users/tarangbansal/.m2/repository/org/codehaus/groovy/groovy-xml/3.0.3/groovy-xml-3.0.3.jar:/Users/tarangbansal/.m2/repository/org/ccil/cowan/tagsoup/tagsoup/1.2.1/tagsoup-1.2.1.jar:/Users/tarangbansal/.m2/repository/jakarta/xml/bind/jakarta.xml.bind-api/2.3.3/jakarta.xml.bind-api-2.3.3.jar:/Users/tarangbansal/.m2/repository/jakarta/activation/jakarta.activation-api/1.2.2/jakarta.activation-api-1.2.2.jar:/Users/tarangbansal/.m2/repository/com/sun/xml/bind/jaxb-impl/2.3.3/jaxb-impl-2.3.3.jar:/Users/tarangbansal/.m2/repository/org/codehaus/groovy/groovy-json/3.0.3/groovy-json-3.0.3.jar:/Users/tarangbansal/.m2/repository/io/rest-assured/rest-assured/4.3.1/rest-assured-4.3.1.jar:/Users/tarangbansal/.m2/repository/org/apache/httpcomponents/httpmime/4.5.3/httpmime-4.5.3.jar:/Users/tarangbansal/.m2/repository/org/hamcrest/hamcrest/2.1/hamcrest-2.1.jar:/Users/tarangbansal/.m2/repository/io/rest-assured/json-path/4.3.1/json-path-4.3.1.jar:/Users/tarangbansal/.m2/repository/io/rest-assured/rest-assured-common/4.3.1/rest-assured-common-4.3.1.jar:/Users/tarangbansal/.m2/repository/io/rest-assured/xml-path/4.3.1/xml-path-4.3.1.jar:/Users/tarangbansal/.m2/repository/org/apache/tika/tika-parsers/1.24.1/tika-parsers-1.24.1.jar:/Users/tarangbansal/.m2/repository/org/apache/tika/tika-core/1.24.1/tika-core-1.24.1.jar:/Users/tarangbansal/.m2/repository/org/glassfish/jaxb/jaxb-runtime/2.3.2/jaxb-runtime-2.3.2.jar:/Users/tarangbansal/.m2/repository/org/glassfish/jaxb/txw2/2.3.2/txw2-2.3.2.jar:/Users/tarangbansal/.m2/repository/com/sun/istack/istack-commons-runtime/3.0.8/istack-commons-runtime-3.0.8.jar:/Users/tarangbansal/.m2/repository/org/jvnet/staxex/stax-ex/1.8.1/stax-ex-1.8.1.jar:/Users/tarangbansal/.m2/repository/com/sun/xml/fastinfoset/FastInfoset/1.2.16/FastInfoset-1.2.16.jar:/Users/tarangbansal/.m2/repository/com/sun/activation/jakarta.activation/1.2.1/jakarta.activation-1.2.1.jar:/Users/tarangbansal/.m2/repository/xerces/xercesImpl/2.12.0/xercesImpl-2.12.0.jar:/Users/tarangbansal/.m2/repository/xml-apis/xml-apis/1.4.01/xml-apis-1.4.01.jar:/Users/tarangbansal/.m2/repository/javax/annotation/javax.annotation-api/1.3.2/javax.annotation-api-1.3.2.jar:/Users/tarangbansal/.m2/repository/org/gagravarr/vorbis-java-tika/0.8/vorbis-java-tika-0.8.jar:/Users/tarangbansal/.m2/repository/org/tallison/jmatio/1.5/jmatio-1.5.jar:/Users/tarangbansal/.m2/repository/org/apache/james/apache-mime4j-core/0.8.3/apache-mime4j-core-0.8.3.jar:/Users/tarangbansal/.m2/repository/org/apache/james/apache-mime4j-dom/0.8.3/apache-mime4j-dom-0.8.3.jar:/Users/tarangbansal/.m2/repository/org/apache/commons/commons-compress/1.20/commons-compress-1.20.jar:/Users/tarangbansal/.m2/repository/org/tukaani/xz/1.8/xz-1.8.jar:/Users/tarangbansal/.m2/repository/com/epam/parso/2.0.11/parso-2.0.11.jar:/Users/tarangbansal/.m2/repository/org/brotli/dec/0.1.2/dec-0.1.2.jar:/Users/tarangbansal/.m2/repository/org/apache/pdfbox/pdfbox/2.0.19/pdfbox-2.0.19.jar:/Users/tarangbansal/.m2/repository/org/apache/pdfbox/fontbox/2.0.19/fontbox-2.0.19.jar:/Users/tarangbansal/.m2/repository/org/apache/pdfbox/pdfbox-tools/2.0.19/pdfbox-tools-2.0.19.jar:/Users/tarangbansal/.m2/repository/org/apache/pdfbox/preflight/2.0.19/preflight-2.0.19.jar:/Users/tarangbansal/.m2/repository/org/apache/pdfbox/xmpbox/2.0.19/xmpbox-2.0.19.jar:/Users/tarangbansal/.m2/repository/org/apache/pdfbox/jempbox/1.8.16/jempbox-1.8.16.jar:/Users/tarangbansal/.m2/repository/org/bouncycastle/bcmail-jdk15on/1.65/bcmail-jdk15on-1.65.jar:/Users/tarangbansal/.m2/repository/org/bouncycastle/bcpkix-jdk15on/1.65/bcpkix-jdk15on-1.65.jar:/Users/tarangbansal/.m2/repository/org/bouncycastle/bcprov-jdk15on/1.65/bcprov-jdk15on-1.65.jar:/Users/tarangbansal/.m2/repository/org/apache/poi/poi/4.1.2/poi-4.1.2.jar:/Users/tarangbansal/.m2/repository/org/apache/commons/commons-math3/3.6.1/commons-math3-3.6.1.jar:/Users/tarangbansal/.m2/repository/com/zaxxer/SparseBitSet/1.2/SparseBitSet-1.2.jar:/Users/tarangbansal/.m2/repository/org/apache/poi/poi-scratchpad/4.1.2/poi-scratchpad-4.1.2.jar:/Users/tarangbansal/.m2/repository/org/apache/poi/poi-ooxml/4.1.2/poi-ooxml-4.1.2.jar:/Users/tarangbansal/.m2/repository/org/apache/poi/poi-ooxml-schemas/4.1.2/poi-ooxml-schemas-4.1.2.jar:/Users/tarangbansal/.m2/repository/org/apache/xmlbeans/xmlbeans/3.1.0/xmlbeans-3.1.0.jar:/Users/tarangbansal/.m2/repository/com/github/virtuald/curvesapi/1.06/curvesapi-1.06.jar:/Users/tarangbansal/.m2/repository/com/healthmarketscience/jackcess/jackcess/3.0.1/jackcess-3.0.1.jar:/Users/tarangbansal/.m2/repository/com/healthmarketscience/jackcess/jackcess-encrypt/3.0.0/jackcess-encrypt-3.0.0.jar:/Users/tarangbansal/.m2/repository/org/ow2/asm/asm/8.0.1/asm-8.0.1.jar:/Users/tarangbansal/.m2/repository/org/tallison/isoparser/1.9.41.2/isoparser-1.9.41.2.jar:/Users/tarangbansal/.m2/repository/org/tallison/metadata-extractor/2.13.0/metadata-extractor-2.13.0.jar:/Users/tarangbansal/.m2/repository/org/tallison/xmp/xmpcore-shaded/6.1.10/xmpcore-shaded-6.1.10.jar:/Users/tarangbansal/.m2/repository/com/adobe/xmp/xmpcore/6.1.10/xmpcore-6.1.10.jar:/Users/tarangbansal/.m2/repository/de/l3s/boilerpipe/boilerpipe/1.1.0/boilerpipe-1.1.0.jar:/Users/tarangbansal/.m2/repository/com/rometools/rome/1.12.2/rome-1.12.2.jar:/Users/tarangbansal/.m2/repository/com/rometools/rome-utils/1.12.2/rome-utils-1.12.2.jar:/Users/tarangbansal/.m2/repository/org/gagravarr/vorbis-java-core/0.8/vorbis-java-core-0.8.jar:/Users/tarangbansal/.m2/repository/com/googlecode/juniversalchardet/juniversalchardet/1.0.3/juniversalchardet-1.0.3.jar:/Users/tarangbansal/.m2/repository/org/codelibs/jhighlight/1.0.3/jhighlight-1.0.3.jar:/Users/tarangbansal/.m2/repository/com/pff/java-libpst/0.9.3/java-libpst-0.9.3.jar:/Users/tarangbansal/.m2/repository/com/github/junrar/junrar/4.0.0/junrar-4.0.0.jar:/Users/tarangbansal/.m2/repository/org/apache/cxf/cxf-rt-rs-client/3.3.6/cxf-rt-rs-client-3.3.6.jar:/Users/tarangbansal/.m2/repository/org/apache/cxf/cxf-rt-transports-http/3.3.6/cxf-rt-transports-http-3.3.6.jar:/Users/tarangbansal/.m2/repository/org/apache/cxf/cxf-core/3.3.6/cxf-core-3.3.6.jar:/Users/tarangbansal/.m2/repository/com/fasterxml/woodstox/woodstox-core/5.0.3/woodstox-core-5.0.3.jar:/Users/tarangbansal/.m2/repository/org/codehaus/woodstox/stax2-api/3.1.4/stax2-api-3.1.4.jar:/Users/tarangbansal/.m2/repository/org/apache/ws/xmlschema/xmlschema-core/2.2.5/xmlschema-core-2.2.5.jar:/Users/tarangbansal/.m2/repository/org/apache/cxf/cxf-rt-frontend-jaxrs/3.3.6/cxf-rt-frontend-jaxrs-3.3.6.jar:/Users/tarangbansal/.m2/repository/jakarta/ws/rs/jakarta.ws.rs-api/2.1.5/jakarta.ws.rs-api-2.1.5.jar:/Users/tarangbansal/.m2/repository/org/apache/cxf/cxf-rt-security/3.3.6/cxf-rt-security-3.3.6.jar:/Users/tarangbansal/.m2/repository/javax/xml/ws/jaxws-api/2.3.1/jaxws-api-2.3.1.jar:/Users/tarangbansal/.m2/repository/javax/xml/soap/javax.xml.soap-api/1.4.0/javax.xml.soap-api-1.4.0.jar:/Users/tarangbansal/.m2/repository/com/sun/activation/javax.activation/1.2.0/javax.activation-1.2.0.jar:/Users/tarangbansal/.m2/repository/org/apache/geronimo/specs/geronimo-ws-metadata_2.0_spec/1.1.3/geronimo-ws-metadata_2.0_spec-1.1.3.jar:/Users/tarangbansal/.m2/repository/com/sun/xml/messaging/saaj/saaj-impl/1.4.0-b03/saaj-impl-1.4.0-b03.jar:/Users/tarangbansal/.m2/repository/org/jvnet/mimepull/mimepull/1.9.7/mimepull-1.9.7.jar:/Users/tarangbansal/.m2/repository/org/jacorb/jacorb-omgapi/3.9/jacorb-omgapi-3.9.jar:/Users/tarangbansal/.m2/repository/org/apache/geronimo/specs/geronimo-jta_1.1_spec/1.1.1/geronimo-jta_1.1_spec-1.1.1.jar:/Users/tarangbansal/.m2/repository/org/jboss/spec/javax/rmi/jboss-rmi-api_1.0_spec/1.0.6.Final/jboss-rmi-api_1.0_spec-1.0.6.Final.jar:/Users/tarangbansal/.m2/repository/org/apache/opennlp/opennlp-tools/1.9.2/opennlp-tools-1.9.2.jar:/Users/tarangbansal/.m2/repository/com/googlecode/json-simple/json-simple/1.1.1/json-simple-1.1.1.jar:/Users/tarangbansal/.m2/repository/com/github/openjson/openjson/1.0.12/openjson-1.0.12.jar:/Users/tarangbansal/.m2/repository/org/slf4j/jul-to-slf4j/1.7.28/jul-to-slf4j-1.7.28.jar:/Users/tarangbansal/.m2/repository/org/slf4j/jcl-over-slf4j/1.7.28/jcl-over-slf4j-1.7.28.jar:/Users/tarangbansal/.m2/repository/edu/ucar/netcdf4/4.5.5/netcdf4-4.5.5.jar:/Users/tarangbansal/.m2/repository/net/jcip/jcip-annotations/1.0/jcip-annotations-1.0.jar:/Users/tarangbansal/.m2/repository/org/jdom/jdom2/2.0.6/jdom2-2.0.6.jar:/Users/tarangbansal/.m2/repository/edu/ucar/grib/4.5.5/grib-4.5.5.jar:/Users/tarangbansal/.m2/repository/org/itadaki/bzip2/0.9.1/bzip2-0.9.1.jar:/Users/tarangbansal/.m2/repository/net/java/dev/jna/jna/5.5.0/jna-5.5.0.jar:/Users/tarangbansal/.m2/repository/com/google/protobuf/protobuf-java/3.11.4/protobuf-java-3.11.4.jar:/Users/tarangbansal/.m2/repository/edu/ucar/cdm/4.5.5/cdm-4.5.5.jar:/Users/tarangbansal/.m2/repository/edu/ucar/udunits/4.5.5/udunits-4.5.5.jar:/Users/tarangbansal/.m2/repository/net/sf/ehcache/ehcache-core/2.6.2/ehcache-core-2.6.2.jar:/Users/tarangbansal/.m2/repository/org/quartz-scheduler/quartz/2.3.2/quartz-2.3.2.jar:/Users/tarangbansal/.m2/repository/com/zaxxer/HikariCP-java7/2.4.13/HikariCP-java7-2.4.13.jar:/Users/tarangbansal/.m2/repository/com/mchange/c3p0/0.9.5.5/c3p0-0.9.5.5.jar:/Users/tarangbansal/.m2/repository/com/mchange/mchange-commons-java/0.2.19/mchange-commons-java-0.2.19.jar:/Users/tarangbansal/.m2/repository/edu/ucar/httpservices/4.5.5/httpservices-4.5.5.jar:/Users/tarangbansal/.m2/repository/org/apache/commons/commons-csv/1.8/commons-csv-1.8.jar:/Users/tarangbansal/.m2/repository/org/apache/sis/core/sis-utility/1.0/sis-utility-1.0.jar:/Users/tarangbansal/.m2/repository/javax/measure/unit-api/1.0/unit-api-1.0.jar:/Users/tarangbansal/.m2/repository/org/apache/sis/storage/sis-netcdf/1.0/sis-netcdf-1.0.jar:/Users/tarangbansal/.m2/repository/org/apache/sis/storage/sis-storage/1.0/sis-storage-1.0.jar:/Users/tarangbansal/.m2/repository/org/apache/sis/core/sis-feature/1.0/sis-feature-1.0.jar:/Users/tarangbansal/.m2/repository/org/apache/sis/core/sis-referencing/1.0/sis-referencing-1.0.jar:/Users/tarangbansal/.m2/repository/org/apache/sis/core/sis-metadata/1.0/sis-metadata-1.0.jar:/Users/tarangbansal/.m2/repository/org/opengis/geoapi/3.0.1/geoapi-3.0.1.jar:/Users/tarangbansal/.m2/repository/edu/usc/ir/sentiment-analysis-parser/0.1/sentiment-analysis-parser-0.1.jar:/Users/tarangbansal/.m2/repository/org/apache/pdfbox/jbig2-imageio/3.0.3/jbig2-imageio-3.0.3.jar:/Users/tarangbansal/.m2/repository/com/github/jai-imageio/jai-imageio-core/1.4.0/jai-imageio-core-1.4.0.jar:/Users/tarangbansal/.m2/repository/com/opencsv/opencsv/5.3/opencsv-5.3.jar:/Users/tarangbansal/.m2/repository/org/apache/commons/commons-text/1.9/commons-text-1.9.jar:/Users/tarangbansal/.m2/repository/commons-beanutils/commons-beanutils/1.9.4/commons-beanutils-1.9.4.jar:/Users/tarangbansal/.m2/repository/org/apache/commons/commons-collections4/4.4/commons-collections4-4.4.jar:/Users/tarangbansal/.m2/repository/com/epam/reportportal/agent-java-cucumber6/5.0.1/agent-java-cucumber6-5.0.1.jar:/Users/tarangbansal/.m2/repository/com/epam/reportportal/client-java/5.0.15/client-java-5.0.15.jar:/Users/tarangbansal/.m2/repository/org/aspectj/aspectjweaver/1.9.2/aspectjweaver-1.9.2.jar:/Users/tarangbansal/.m2/repository/org/aspectj/aspectjrt/1.9.2/aspectjrt-1.9.2.jar:/Users/tarangbansal/.m2/repository/io/reactivex/rxjava2/rxjava/2.2.10/rxjava-2.2.10.jar:/Users/tarangbansal/.m2/repository/org/reactivestreams/reactive-streams/1.0.2/reactive-streams-1.0.2.jar:/Users/tarangbansal/.m2/repository/com/epam/reportportal/commons-model/5.0.0/commons-model-5.0.0.jar:/Users/tarangbansal/.m2/repository/io/swagger/swagger-annotations/1.5.24/swagger-annotations-1.5.24.jar:/Users/tarangbansal/.m2/repository/javax/validation/validation-api/2.0.1.Final/validation-api-2.0.1.Final.jar:/Users/tarangbansal/.m2/repository/com/google/code/findbugs/jsr305/3.0.2/jsr305-3.0.2.jar:/Users/tarangbansal/.m2/repository/org/mongodb/mongodb-driver/3.11.2/mongodb-driver-3.11.2.jar:/Users/tarangbansal/.m2/repository/org/mongodb/bson/3.11.2/bson-3.11.2.jar:/Users/tarangbansal/.m2/repository/org/mongodb/mongodb-driver-core/3.11.2/mongodb-driver-core-3.11.2.jar:/Users/tarangbansal/.m2/repository/org/projectlombok/lombok/1.18.20/lombok-1.18.20.jar:/Users/tarangbansal/.m2/repository/mysql/mysql-connector-java/8.0.22/mysql-connector-java-8.0.22.jar:/Users/tarangbansal/.m2/repository/com/jcraft/jsch/0.1.55/jsch-0.1.55.jar:/Users/tarangbansal/.m2/repository/com/google/code/gson/gson/2.8.7/gson-2.8.7.jar:"/>
    <property name="sun.cpu.endian" value="little"/>
    <property name="user.home" value="/Users/tarangbansal"/>
    <property name="user.language" value="en"/>
    <property name="java.specification.vendor" value="Oracle Corporation"/>
    <property name="java.version.date" value="2021-04-20"/>
    <property name="java.home" value="/usr/local/Cellar/openjdk/16.0.1/libexec/openjdk.jdk/Contents/Home"/>
    <property name="testng.dtd.http" value="true"/>
    <property name="file.separator" value="/"/>
    <property name="basedir" value="/Users/tarangbansal/Cucumber-TestNG-Selenium"/>
    <property name="java.vm.compressedOopsMode" value="Zero based"/>
    <property name="line.separator" value="&#10;"/>
    <property name="java.vm.specification.vendor" value="Oracle Corporation"/>
    <property name="java.specification.name" value="Java Platform API Specification"/>
    <property name="surefire.real.class.path" value="/Users/tarangbansal/Cucumber-TestNG-Selenium/target/surefire/surefirebooter12554986541366803251.jar"/>
    <property name="sun.management.compiler" value="HotSpot 64-Bit Tiered Compilers"/>
    <property name="ftp.nonProxyHosts" value="local|*.local|169.254/16|*.169.254/16"/>
    <property name="java.runtime.version" value="16.0.1+0"/>
    <property name="user.name" value="tarangbansal"/>
    <property name="path.separator" value=":"/>
    <property name="os.version" value="11.2.3"/>
    <property name="java.runtime.name" value="OpenJDK Runtime Environment"/>
    <property name="file.encoding" value="UTF-8"/>
    <property name="java.vm.name" value="OpenJDK 64-Bit Server VM"/>
    <property name="java.vendor.version" value="Homebrew"/>
    <property name="localRepository" value="/Users/tarangbansal/.m2/repository"/>
    <property name="java.vendor.url.bug" value="https://github.com/Homebrew/homebrew-core/issues"/>
    <property name="java.io.tmpdir" value="/var/folders/xl/5s6mld410wb2wrrcft6_03b80000gn/T/"/>
    <property name="java.version" value="16.0.1"/>
    <property name="user.dir" value="/Users/tarangbansal/Cucumber-TestNG-Selenium"/>
    <property name="os.arch" value="x86_64"/>
    <property name="java.vm.specification.name" value="Java Virtual Machine Specification"/>
    <property name="LT_ENV" value="prod"/>
    <property name="java.library.path" value="/Users/tarangbansal/Library/Java/Extensions:/Library/Java/Extensions:/Network/Library/Java/Extensions:/System/Library/Java/Extensions:/usr/lib/java:."/>
    <property name="java.vm.info" value="mixed mode, sharing"/>
    <property name="java.vendor" value="Homebrew"/>
    <property name="java.vm.version" value="16.0.1+0"/>
    <property name="sun.io.unicode.encoding" value="UnicodeBig"/>
    <property name="socksNonProxyHosts" value="local|*.local|169.254/16|*.169.254/16"/>
    <property name="java.class.version" value="60.0"/>
  </properties>
  <testcase name="runScenario[&quot;Single test&quot;, &quot;Optional[Add new item to ToDO list]&quot;](1)" classname="testrunner.testrunner.LtRunner" time="20.222">
    <system-out><![CDATA[
@nobrowser @single
Scenario Outline: Single test                                    # src/main/java/automation/features/todo.feature:15
  Given user is on home Page with chrome,87.0,WIN10 and 1024x768 # automation.stepDefinition.ToDoStepDefinition.userIsOnHomePageWithBrowserVersionOsAndResolution(java.lang.String,java.lang.String,java.lang.String,java.lang.String)
  When select First Item                                         # automation.stepDefinition.ToDoStepDefinition.select_first_item()
  Then select second item                                        # automation.stepDefinition.ToDoStepDefinition.select_second_item()
  Then add new item                                              # automation.stepDefinition.ToDoStepDefinition.add_new_item()
  Then verify added item                                         # automation.stepDefinition.ToDoStepDefinition.verify_added_item()
  Then Update the result                                         # automation.stepDefinition.ToDoStepDefinition.update_result()
  Then Close the browser                                         # automation.stepDefinition.ToDoStepDefinition.close_the_browser()
]]></system-out>
    <system-err><![CDATA[Oct 07, 2021 12:23:40 PM org.openqa.selenium.remote.ProtocolHandshake createSession
INFO: Detected dialect: W3C
]]></system-err>
  </testcase>
</testsuite>