<?xml version="1.0" encoding="UTF-8"?>
<!-- Generated by org.testng.reporters.JUnitReportReporter -->
<testsuite hostname="Tarangs-MacBook-Pro.local" failures="0" tests="1" name="testrunner.testrunner.LtRunner" time="20.217" errors="0" timestamp="2021-10-07T12:23:54 IST" skipped="0">
  <testcase classname="testrunner.testrunner.LtRunner" name="runScenario" time="20.217"/>
  <system-out/>
</testsuite> <!-- testrunner.testrunner.LtRunner -->
